0 info it worked if it ends with ok
1 verbose cli [ '/usr/bin/node', '/usr/bin/npm', 'install', 'timetable' ]
2 info using npm@3.10.9
3 info using node@v6.9.1
4 verbose config Skipping project config: /home/patryk/.npmrc. (matches userconfig)
5 silly loadCurrentTree Starting
6 silly install loadCurrentTree
7 silly install readLocalPackageData
8 silly fetchPackageMetaData timetable
9 silly fetchNamedPackageData timetable
10 silly mapToRegistry name timetable
11 silly mapToRegistry using default registry
12 silly mapToRegistry registry https://registry.npmjs.org/
13 silly mapToRegistry data Result {
13 silly mapToRegistry   raw: 'timetable',
13 silly mapToRegistry   scope: null,
13 silly mapToRegistry   escapedName: 'timetable',
13 silly mapToRegistry   name: 'timetable',
13 silly mapToRegistry   rawSpec: '',
13 silly mapToRegistry   spec: 'latest',
13 silly mapToRegistry   type: 'tag' }
14 silly mapToRegistry uri https://registry.npmjs.org/timetable
15 verbose request uri https://registry.npmjs.org/timetable
16 verbose request no auth needed
17 info attempt registry request try #1 at 20:14:10
18 verbose request id 2c372578f03866be
19 http request GET https://registry.npmjs.org/timetable
20 info retry will retry, error on last attempt: Error: tunneling socket could not be established, cause=connect ETIMEDOUT 10.144.1.10:8080
21 info attempt registry request try #2 at 20:16:27
22 http request GET https://registry.npmjs.org/timetable
23 info retry will retry, error on last attempt: Error: tunneling socket could not be established, cause=connect ETIMEDOUT 10.144.1.10:8080
24 info attempt registry request try #3 at 20:19:35
25 http request GET https://registry.npmjs.org/timetable
26 silly fetchPackageMetaData Error: tunneling socket could not be established, cause=connect ETIMEDOUT 10.144.1.10:8080
26 silly fetchPackageMetaData     at ClientRequest.onError (/usr/lib/node_modules/npm/node_modules/request/node_modules/tunnel-agent/index.js:176:17)
26 silly fetchPackageMetaData     at ClientRequest.g (events.js:291:16)
26 silly fetchPackageMetaData     at emitOne (events.js:96:13)
26 silly fetchPackageMetaData     at ClientRequest.emit (events.js:188:7)
26 silly fetchPackageMetaData     at Socket.socketErrorListener (_http_client.js:310:9)
26 silly fetchPackageMetaData     at emitOne (events.js:96:13)
26 silly fetchPackageMetaData     at Socket.emit (events.js:188:7)
26 silly fetchPackageMetaData     at emitErrorNT (net.js:1276:8)
26 silly fetchPackageMetaData     at _combinedTickCallback (internal/process/next_tick.js:74:11)
26 silly fetchPackageMetaData     at process._tickCallback (internal/process/next_tick.js:98:9)
26 silly fetchPackageMetaData  error for timetable { Error: tunneling socket could not be established, cause=connect ETIMEDOUT 10.144.1.10:8080
26 silly fetchPackageMetaData     at ClientRequest.onError (/usr/lib/node_modules/npm/node_modules/request/node_modules/tunnel-agent/index.js:176:17)
26 silly fetchPackageMetaData     at ClientRequest.g (events.js:291:16)
26 silly fetchPackageMetaData     at emitOne (events.js:96:13)
26 silly fetchPackageMetaData     at ClientRequest.emit (events.js:188:7)
26 silly fetchPackageMetaData     at Socket.socketErrorListener (_http_client.js:310:9)
26 silly fetchPackageMetaData     at emitOne (events.js:96:13)
26 silly fetchPackageMetaData     at Socket.emit (events.js:188:7)
26 silly fetchPackageMetaData     at emitErrorNT (net.js:1276:8)
26 silly fetchPackageMetaData     at _combinedTickCallback (internal/process/next_tick.js:74:11)
26 silly fetchPackageMetaData     at process._tickCallback (internal/process/next_tick.js:98:9) code: 'ECONNRESET' }
27 silly rollbackFailedOptional Starting
28 silly rollbackFailedOptional Finishing
29 silly runTopLevelLifecycles Finishing
30 silly install printInstalled
31 verbose stack Error: tunneling socket could not be established, cause=connect ETIMEDOUT 10.144.1.10:8080
31 verbose stack     at ClientRequest.onError (/usr/lib/node_modules/npm/node_modules/request/node_modules/tunnel-agent/index.js:176:17)
31 verbose stack     at ClientRequest.g (events.js:291:16)
31 verbose stack     at emitOne (events.js:96:13)
31 verbose stack     at ClientRequest.emit (events.js:188:7)
31 verbose stack     at Socket.socketErrorListener (_http_client.js:310:9)
31 verbose stack     at emitOne (events.js:96:13)
31 verbose stack     at Socket.emit (events.js:188:7)
31 verbose stack     at emitErrorNT (net.js:1276:8)
31 verbose stack     at _combinedTickCallback (internal/process/next_tick.js:74:11)
31 verbose stack     at process._tickCallback (internal/process/next_tick.js:98:9)
32 verbose cwd /home/patryk/private/inzynierka/school_timetabler/data/static/js
33 error Linux 4.4.27-2-MANJARO
34 error argv "/usr/bin/node" "/usr/bin/npm" "install" "timetable"
35 error node v6.9.1
36 error npm  v3.10.9
37 error code ECONNRESET
38 error network tunneling socket could not be established, cause=connect ETIMEDOUT 10.144.1.10:8080
39 error network This is most likely not a problem with npm itself
39 error network and is related to network connectivity.
39 error network In most cases you are behind a proxy or have bad network settings.
39 error network
39 error network If you are behind a proxy, please make sure that the
39 error network 'proxy' config is set properly.  See: 'npm help config'
40 verbose exit [ 1, true ]
